2024-06-25 09:21:48,038 - [INFO] - arithmetic_mean.py. <module>() line: 30 - Старт программы
2024-06-25 09:21:58,143 - [ERROR] - arithmetic_mean.py. get_input_data() line: 12 - Ошибка ввода данных
2024-06-25 09:22:10,110 - [INFO] - arithmetic_mean.py. arithmetic_mean() line: 19 - Вычислено среднее арифметическое
2024-06-25 09:22:10,110 - [INFO] - arithmetic_mean.py. <module>() line: 36 - Работа завершена
2024-06-25 09:23:27,493 - [INFO] - arithmetic_mean.py. <module>() line: 30 - Старт программы
2024-06-25 09:23:32,511 - [ERROR] - arithmetic_mean.py. get_input_data() line: 13 - Ошибка ввода данных
2024-06-25 09:23:39,846 - [INFO] - arithmetic_mean.py. get_input_data() line: 10 - Введена последовательность (1.0, 2.0, 3.0)
2024-06-25 09:23:39,846 - [INFO] - arithmetic_mean.py. arithmetic_mean() line: 19 - Вычислено среднее арифметическое
2024-06-25 09:23:39,847 - [INFO] - arithmetic_mean.py. <module>() line: 36 - Работа завершена
2024-06-25 09:24:36,647 - [INFO] - arithmetic_mean.py. <module>() line: 29 - Старт программы
2024-08-02 02:04:26,842 - [INFO] - arithmetic_mean.py. <module>() line: 29 - Старт программы
2024-08-02 02:04:40,061 - [INFO] - arithmetic_mean.py. get_input_data() line: 10 - Введена последовательность (1.0,)
2024-08-02 02:04:40,061 - [INFO] - arithmetic_mean.py. arithmetic_mean() line: 18 - Вычислено среднее арифметическое
2024-08-02 02:04:40,061 - [INFO] - arithmetic_mean.py. <module>() line: 35 - Работа завершена
2024-08-02 02:04:58,826 - [INFO] - arithmetic_mean.py. <module>() line: 29 - Старт программы
2024-08-02 02:05:06,268 - [INFO] - arithmetic_mean.py. get_input_data() line: 10 - Введена последовательность (1.0,)
2024-08-02 02:05:06,268 - [INFO] - arithmetic_mean.py. arithmetic_mean() line: 18 - Вычислено среднее арифметическое
2024-08-02 02:05:06,268 - [INFO] - arithmetic_mean.py. <module>() line: 35 - Работа завершена
2024-08-02 02:15:47,715 - [INFO] - arithmetic_mean.py. <module>() line: 29 - Старт программы
2024-08-02 02:16:32,572 - [INFO] - arithmetic_mean.py. <module>() line: 29 - Старт программы
2024-08-02 02:16:35,377 - [INFO] - arithmetic_mean.py. get_input_data() line: 10 - Введена последовательность (1.0,)
2024-08-02 02:16:35,377 - [INFO] - arithmetic_mean.py. arithmetic_mean() line: 18 - Вычислено среднее арифметическое
2024-08-02 02:16:35,377 - [INFO] - arithmetic_mean.py. <module>() line: 35 - Работа завершена
2024-08-02 02:47:11,799 - [INFO] - arithmetic_mean.py. <module>() line: 29 - Старт программы
2024-08-02 02:47:24,947 - [INFO] - arithmetic_mean.py. get_input_data() line: 10 - Введена последовательность (1.0, 2.0, 2.0)
2024-08-02 02:47:24,948 - [INFO] - arithmetic_mean.py. arithmetic_mean() line: 18 - Вычислено среднее арифметическое
2024-08-02 02:47:24,948 - [INFO] - arithmetic_mean.py. <module>() line: 35 - Работа завершена
2024-08-02 02:53:59,576 - [INFO] - arithmetic_mean.py. <module>() line: 29 - Старт программы
2024-08-02 02:54:05,918 - [ERROR] - arithmetic_mean.py. get_input_data() line: 13 - Ошибка ввода данных
2024-08-02 02:54:54,362 - [INFO] - arithmetic_mean.py. get_input_data() line: 10 - Введена последовательность (1.0,)
2024-08-02 02:54:54,362 - [INFO] - arithmetic_mean.py. calc_arithmetic_mean() line: 18 - Вычислено среднее арифметическое
2024-08-02 02:54:54,362 - [INFO] - arithmetic_mean.py. <module>() line: 35 - Работа завершена
2024-08-02 03:02:23,873 - [INFO] - arithmetic_mean.py. <module>() line: 29 - Старт программы
2024-08-02 03:02:28,042 - [INFO] - arithmetic_mean.py. get_input_data() line: 10 - Введена последовательность (1.0,)
2024-08-02 03:02:28,043 - [INFO] - arithmetic_mean.py. calc_arithmetic_mean() line: 18 - Вычислено среднее арифметическое
2024-08-02 03:02:28,043 - [INFO] - arithmetic_mean.py. <module>() line: 35 - Работа завершена
2024-08-02 03:02:56,505 - [INFO] - arithmetic_mean.py. <module>() line: 29 - Старт программы
2024-08-02 03:03:03,888 - [ERROR] - arithmetic_mean.py. get_input_data() line: 13 - Ошибка ввода данных
2024-08-02 03:03:06,974 - [INFO] - arithmetic_mean.py. get_input_data() line: 10 - Введена последовательность (12.0,)
2024-08-02 03:03:06,975 - [INFO] - arithmetic_mean.py. calc_arithmetic_mean() line: 18 - Вычислено среднее арифметическое
2024-08-02 03:03:06,975 - [INFO] - arithmetic_mean.py. <module>() line: 35 - Работа завершена
2024-08-02 03:03:12,270 - [INFO] - arithmetic_mean.py. calc_arithmetic_mean() line: 18 - Вычислено среднее арифметическое
